Using pre-set license
Built from '2020.2/release' branch; Version is '2020.2.2f1 (068178b99f32) revision 426360'; Using compiler version '192528614'; Build Type 'Release'
OS: 'Windows 10 Enterprise; OS build 18363.1500; Version 1909; 64bit' Language: 'en' Physical Memory: 32601 MB
BatchMode: 1, IsHumanControllingUs: 0, StartBugReporterOnCrash: 0, Is64bit: 1, IsPro: 0

 COMMAND LINE ARGUMENTS:
C:\Program Files\Unity\Editor\Unity.exe
-adb2
-batchMode
-noUpm
-name
AssetImportWorker0
-projectPath
C:/Users/jackson.king/Documents/GitHub/t/NetworkPartyGame
-logFile
Logs/AssetImportWorker0.log
-srvPort
56438
Successfully changed project path to: C:/Users/jackson.king/Documents/GitHub/t/NetworkPartyGame
C:/Users/jackson.king/Documents/GitHub/t/NetworkPartyGame
Using Asset Import Pipeline V2.
Refreshing native plugins compatible for Editor in 34.87 ms, found 1 plugins.
Preloading 0 native plugins for Editor in 0.00 ms.
Initialize engine version: 2020.2.2f1 (068178b99f32)
[Subsystems] Discovering subsystems at path C:/Program Files/Unity/Editor/Data/Resources/UnitySubsystems
[Subsystems] Discovering subsystems at path C:/Users/jackson.king/Documents/GitHub/t/NetworkPartyGame/Assets
GfxDevice: creating device client; threaded=0
Direct3D:
    Version:  Direct3D 11.0 [level 11.1]
    Renderer: NVIDIA GeForce RTX 2060 (ID=0x1f08)
    Vendor:   
    VRAM:     5980 MB
    Driver:   27.21.14.6192
Initialize mono
Mono path[0] = 'C:/Program Files/Unity/Editor/Data/Managed'
Mono path[1] = 'C:/Program Files/Unity/Editor/Data/MonoBleedingEdge/lib/mono/unityjit'
Mono config path = 'C:/Program Files/Unity/Editor/Data/MonoBleedingEdge/etc'
Using monoOptions --debugger-agent=transport=dt_socket,embedding=1,server=y,suspend=n,address=127.0.0.1:56472
Begin MonoManager ReloadAssembly
Registering precompiled unity dll's ...
Register platform support module: C:/Program Files/Unity/Editor/Data/PlaybackEngines/WindowsStandaloneSupport/UnityEditor.WindowsStandalone.Extensions.dll
Registered in 0.001068 seconds.
Native extension for WindowsStandalone target not found
Refreshing native plugins compatible for Editor in 32.92 ms, found 1 plugins.
Preloading 0 native plugins for Editor in 0.00 ms.
Invoked RoslynAnalysisRunner static constructor.
RoslynAnalysisRunner will not be running.
RoslynAnalysisRunner has terminated.
Mono: successfully reloaded assembly
- Completed reload, in  0.738 seconds
Platform modules already initialized, skipping
Registering precompiled user dll's ...
Registered in 0.001983 seconds.
Begin MonoManager ReloadAssembly
Native extension for WindowsStandalone target not found
Refreshing native plugins compatible for Editor in 33.20 ms, found 1 plugins.
Preloading 0 native plugins for Editor in 0.00 ms.
Invoked RoslynAnalysisRunner static constructor.
RoslynAnalysisRunner will not be running.
RoslynAnalysisRunner has terminated.
Find all reader and writers took 81 milliseconds
Script Module: UnityEngine.UI.dll
Weave behaviours and messages took58 milliseconds
Find all reader and writers took 62 milliseconds
Script Module: UnityEngine.TestRunner.dll
Weave behaviours and messages took16 milliseconds
Find all reader and writers took 61 milliseconds
Script Module: Unity.Mathematics.dll
Weave behaviours and messages took143 milliseconds
Find all reader and writers took 57 milliseconds
Script Module: Unity.2D.Animation.Triangle.Runtime.dll
Weave behaviours and messages took28 milliseconds
Find all reader and writers took 61 milliseconds
Script Module: SimpleWebTransport.dll
Weave behaviours and messages took5 milliseconds
Find all reader and writers took 64 milliseconds
Script Module: Unity.Timeline.dll
Weave behaviours and messages took21 milliseconds
Find all reader and writers took 56 milliseconds
Script Module: Assembly-CSharp.dll
Weave behaviours and messages took2 milliseconds
Find all reader and writers took 78 milliseconds
Script Module: Unity.TextMeshPro.dll
Weave behaviours and messages took59 milliseconds
Find all reader and writers took 56 milliseconds
Script Module: Unity.2D.Animation.Runtime.dll
Weave behaviours and messages took5 milliseconds
Find all reader and writers took 62 milliseconds
Script Module: Unity.2D.IK.Runtime.dll
Weave behaviours and messages took3 milliseconds
Find all reader and writers took 63 milliseconds
Script Module: Unity.2D.SpriteShape.Runtime.dll
Weave behaviours and messages took18 milliseconds
Find all reader and writers took 58 milliseconds
Script Module: Telepathy.dll
Weave behaviours and messages took2 milliseconds
Find all reader and writers took 58 milliseconds
Script Module: kcp2k.dll
Weave behaviours and messages took2 milliseconds
Find all reader and writers took 59 milliseconds
Script Module: Unity.2D.PixelPerfect.dll
Weave behaviours and messages took0 milliseconds
Find all reader and writers took 59 milliseconds
Script Module: Mirror.Examples.Cloud.GUI.dll
Weave behaviours and messages took3 milliseconds
Find all reader and writers took 64 milliseconds
Script Module: Mirror.Cloud.dll
Weave behaviours and messages took2 milliseconds
Find all reader and writers took 60 milliseconds
Script Module: Unity.2D.Common.Runtime.dll
Weave behaviours and messages took0 milliseconds
Find all reader and writers took 59 milliseconds
Script Module: Unity.InternalAPIEngineBridge.001.dll
Weave behaviours and messages took0 milliseconds
Find all reader and writers took 82 milliseconds
Script Module: UnityEditor.TestRunner.dll
Weave behaviours and messages took32 milliseconds
Find all reader and writers took 79 milliseconds
Script Module: UnityEditor.UI.dll
Weave behaviours and messages took11 milliseconds
Find all reader and writers took 66 milliseconds
Script Module: PsdPlugin.dll
Weave behaviours and messages took12 milliseconds
Find all reader and writers took 64 milliseconds
Script Module: Mirror.CompilerSymbols.dll
Weave behaviours and messages took0 milliseconds
Find all reader and writers took 80 milliseconds
Script Module: Unity.InternalAPIEditorBridge.001.dll
Weave behaviours and messages took0 milliseconds
Mono: successfully reloaded assembly
- Completed reload, in  5.524 seconds
Platform modules already initialized, skipping
========================================================================
Worker process is ready to serve import requests
Launched and connected shader compiler UnityShaderCompiler.exe after 0.04 seconds
Refreshing native plugins compatible for Editor in 0.36 ms, found 1 plugins.
Preloading 0 native plugins for Editor in 0.00 ms.
Unloading 2055 Unused Serialized files (Serialized files now loaded: 0)
System memory in use before: 92.0 MB.
System memory in use after: 92.0 MB.

Unloading 29 unused Assets to reduce memory usage. Loaded Objects now: 2491.
Total: 2.897200 ms (FindLiveObjects: 0.191700 ms CreateObjectMapping: 0.067500 ms MarkObjects: 2.525100 ms  DeleteObjects: 0.112100 ms)

========================================================================
Received Import Request.
  path: Assets/Prefab/PlayerPf.prefab
  artifactKey: Guid(89f130ecae65de241a599c2026718b34) Importer(815301076,1909f56bfc062723c751e8b465ee728b)
Start importing Assets/Prefab/PlayerPf.prefab using Guid(89f130ecae65de241a599c2026718b34) Importer(815301076,1909f56bfc062723c751e8b465ee728b)  -> (artifact id: '2c9e8422442f466ec63ce6e02b8e957a') in 0.035814 seconds
  Import took 0.038755 seconds .

========================================================================
Received Import Request.
  Time since last request: 68.352619 seconds.
  path: Assets/Scenes/Online.unity
  artifactKey: Guid(e2f58a232b345354ebc8cbd911460a5b) Importer(815301076,1909f56bfc062723c751e8b465ee728b)
Start importing Assets/Scenes/Online.unity using Guid(e2f58a232b345354ebc8cbd911460a5b) Importer(815301076,1909f56bfc062723c751e8b465ee728b)  -> (artifact id: '9ef4f2269e2c0a4b5ec742611d814789') in 0.005817 seconds
  Import took 0.008936 seconds .

========================================================================
Received Import Request.
  Time since last request: 4.277944 seconds.
  path: Assets/Scenes/Game.unity
  artifactKey: Guid(e2f58a232b345354ebc8cbd911460a5b) Importer(815301076,1909f56bfc062723c751e8b465ee728b)
Start importing Assets/Scenes/Game.unity using Guid(e2f58a232b345354ebc8cbd911460a5b) Importer(815301076,1909f56bfc062723c751e8b465ee728b)  -> (artifact id: 'b1aa273f9dda87784e036c133bea235b') in 0.005418 seconds
  Import took 0.008425 seconds .

========================================================================
Received Import Request.
  Time since last request: 6.089157 seconds.
  path: Assets/Scenes/Online.unity
  artifactKey: Guid(2cda990e2423bbf4892e6590ba056729) Importer(815301076,1909f56bfc062723c751e8b465ee728b)
Start importing Assets/Scenes/Online.unity using Guid(2cda990e2423bbf4892e6590ba056729) Importer(815301076,1909f56bfc062723c751e8b465ee728b)  -> (artifact id: '769559bb68e5d3ca19729f1124ff3d85') in 0.002581 seconds
  Import took 0.005205 seconds .

========================================================================
Received Import Request.
  Time since last request: 0.001157 seconds.
  path: Assets/Scenes/Online.unity
  artifactKey: Guid(2cda990e2423bbf4892e6590ba056729) Importer(815301076,1909f56bfc062723c751e8b465ee728b)
Start importing Assets/Scenes/Online.unity using Guid(2cda990e2423bbf4892e6590ba056729) Importer(815301076,1909f56bfc062723c751e8b465ee728b)  -> (artifact id: '769559bb68e5d3ca19729f1124ff3d85') in 0.001855 seconds
  Import took 0.004788 seconds .

========================================================================
Received Import Request.
  Time since last request: 6.163972 seconds.
  path: Assets/Scenes/Offline.unity
  artifactKey: Guid(a7eb3e32dc86c414383c176c60816c36) Importer(815301076,1909f56bfc062723c751e8b465ee728b)
Start importing Assets/Scenes/Offline.unity using Guid(a7eb3e32dc86c414383c176c60816c36) Importer(815301076,1909f56bfc062723c751e8b465ee728b)  -> (artifact id: 'e7a16cd4e6d38be77d847b6dcd39a639') in 0.006442 seconds
  Import took 0.009334 seconds .

========================================================================
Received Prepare
Refreshing native plugins compatible for Editor in 2.11 ms, found 1 plugins.
Preloading 0 native plugins for Editor in 0.00 ms.
Unloading 15 Unused Serialized files (Serialized files now loaded: 0)
System memory in use before: 51.4 MB.
System memory in use after: 51.4 MB.

Unloading 15 unused Assets to reduce memory usage. Loaded Objects now: 2491.
Total: 3.498100 ms (FindLiveObjects: 0.178900 ms CreateObjectMapping: 0.055700 ms MarkObjects: 3.178300 ms  DeleteObjects: 0.084500 ms)

========================================================================
Received Prepare
Registering precompiled user dll's ...
Registered in 0.001904 seconds.
Begin MonoManager ReloadAssembly
Native extension for WindowsStandalone target not found
Refreshing native plugins compatible for Editor in 0.37 ms, found 1 plugins.
Preloading 0 native plugins for Editor in 0.00 ms.
Invoked RoslynAnalysisRunner static constructor.
RoslynAnalysisRunner will not be running.
RoslynAnalysisRunner has terminated.
Mono: successfully reloaded assembly
- Completed reload, in  0.773 seconds
Platform modules already initialized, skipping
Refreshing native plugins compatible for Editor in 0.36 ms, found 1 plugins.
Preloading 0 native plugins for Editor in 0.00 ms.
Unloading 2050 Unused Serialized files (Serialized files now loaded: 0)
System memory in use before: 92.1 MB.
System memory in use after: 92.1 MB.

Unloading 17 unused Assets to reduce memory usage. Loaded Objects now: 2494.
Total: 1.841600 ms (FindLiveObjects: 0.180400 ms CreateObjectMapping: 0.076600 ms MarkObjects: 1.504500 ms  DeleteObjects: 0.079000 ms)

========================================================================
Received Import Request.
  Time since last request: 206.978907 seconds.
  path: Assets/Code/Player
  artifactKey: Guid(6a6a6c847f7d58c499f89ae128591a2e) Importer(815301076,1909f56bfc062723c751e8b465ee728b)
Start importing Assets/Code/Player using Guid(6a6a6c847f7d58c499f89ae128591a2e) Importer(815301076,1909f56bfc062723c751e8b465ee728b)  -> (artifact id: '22bea04836bece381d69fdb966010915') in 0.007404 seconds
  Import took 0.010084 seconds .

========================================================================
Received Import Request.
  Time since last request: 11.662882 seconds.
  path: Assets/Code/Player/MyPlayerController.cs
  artifactKey: Guid(500fd2a4b789fef4f9667ff854992b35) Importer(815301076,1909f56bfc062723c751e8b465ee728b)
Start importing Assets/Code/Player/MyPlayerController.cs using Guid(500fd2a4b789fef4f9667ff854992b35) Importer(815301076,1909f56bfc062723c751e8b465ee728b)  -> (artifact id: 'e0680f385497f2ad94417292872f16d5') in 0.007950 seconds
  Import took 0.010856 seconds .

========================================================================
Received Prepare
Registering precompiled user dll's ...
Registered in 0.001860 seconds.
Begin MonoManager ReloadAssembly
Native extension for WindowsStandalone target not found
Refreshing native plugins compatible for Editor in 0.38 ms, found 1 plugins.
Preloading 0 native plugins for Editor in 0.00 ms.
Invoked RoslynAnalysisRunner static constructor.
RoslynAnalysisRunner will not be running.
RoslynAnalysisRunner has terminated.
Mono: successfully reloaded assembly
- Completed reload, in  0.689 seconds
Platform modules already initialized, skipping
Refreshing native plugins compatible for Editor in 0.37 ms, found 1 plugins.
Preloading 0 native plugins for Editor in 0.00 ms.
Unloading 2051 Unused Serialized files (Serialized files now loaded: 0)
System memory in use before: 92.3 MB.
System memory in use after: 92.3 MB.

Unloading 17 unused Assets to reduce memory usage. Loaded Objects now: 2498.
Total: 1.723700 ms (FindLiveObjects: 0.170400 ms CreateObjectMapping: 0.072300 ms MarkObjects: 1.381400 ms  DeleteObjects: 0.098800 ms)

========================================================================
Received Prepare
Registering precompiled user dll's ...
Registered in 0.001888 seconds.
Begin MonoManager ReloadAssembly
Native extension for WindowsStandalone target not found
Refreshing native plugins compatible for Editor in 0.37 ms, found 1 plugins.
Preloading 0 native plugins for Editor in 0.00 ms.
Invoked RoslynAnalysisRunner static constructor.
RoslynAnalysisRunner will not be running.
RoslynAnalysisRunner has terminated.
Mono: successfully reloaded assembly
- Completed reload, in  0.685 seconds
Platform modules already initialized, skipping
Refreshing native plugins compatible for Editor in 0.36 ms, found 1 plugins.
Preloading 0 native plugins for Editor in 0.00 ms.
Unloading 2051 Unused Serialized files (Serialized files now loaded: 0)
System memory in use before: 92.4 MB.
System memory in use after: 92.4 MB.

Unloading 17 unused Assets to reduce memory usage. Loaded Objects now: 2501.
Total: 3.496400 ms (FindLiveObjects: 0.296300 ms CreateObjectMapping: 0.154800 ms MarkObjects: 2.899300 ms  DeleteObjects: 0.144500 ms)

AssetImportWorkerClient::OnTransportError - code=2 error=End of file
