Using pre-set license
Built from '2020.2/release' branch; Version is '2020.2.2f1 (068178b99f32) revision 426360'; Using compiler version '192528614'; Build Type 'Release'
OS: 'Windows 10 Pro; OS build 19041.985; Version 2004; 64bit' Language: 'en' Physical Memory: 32635 MB
BatchMode: 1, IsHumanControllingUs: 0, StartBugReporterOnCrash: 0, Is64bit: 1, IsPro: 0

 COMMAND LINE ARGUMENTS:
C:\Program Files\Unity\Hub\Editor\2020.2.2f1\Editor\Unity.exe
-adb2
-batchMode
-noUpm
-name
AssetImportWorker1
-projectPath
D:/CORE/TAFE Diploma/1_PlatformDev/NetworkPartyGame_Blade
-logFile
Logs/AssetImportWorker1.log
-srvPort
50186
Successfully changed project path to: D:/CORE/TAFE Diploma/1_PlatformDev/NetworkPartyGame_Blade
D:/CORE/TAFE Diploma/1_PlatformDev/NetworkPartyGame_Blade
Using Asset Import Pipeline V2.
Unable to join player connection multicast group.

Unable to join player connection alternative multicast group.

Refreshing native plugins compatible for Editor in 49.29 ms, found 1 plugins.
Preloading 0 native plugins for Editor in 0.00 ms.
Initialize engine version: 2020.2.2f1 (068178b99f32)
[Subsystems] Discovering subsystems at path C:/Program Files/Unity/Hub/Editor/2020.2.2f1/Editor/Data/Resources/UnitySubsystems
[Subsystems] Discovering subsystems at path D:/CORE/TAFE Diploma/1_PlatformDev/NetworkPartyGame_Blade/Assets
GfxDevice: creating device client; threaded=0
Direct3D:
    Version:  Direct3D 11.0 [level 11.1]
    Renderer: NVIDIA GeForce GTX 980M (ID=0x13d7)
    Vendor:   
    VRAM:     8144 MB
    Driver:   27.21.14.6172
Initialize mono
Mono path[0] = 'C:/Program Files/Unity/Hub/Editor/2020.2.2f1/Editor/Data/Managed'
Mono path[1] = 'C:/Program Files/Unity/Hub/Editor/2020.2.2f1/Editor/Data/MonoBleedingEdge/lib/mono/unityjit'
Mono config path = 'C:/Program Files/Unity/Hub/Editor/2020.2.2f1/Editor/Data/MonoBleedingEdge/etc'
Using monoOptions --debugger-agent=transport=dt_socket,embedding=1,server=y,suspend=n,address=127.0.0.1:56140
Begin MonoManager ReloadAssembly
Registering precompiled unity dll's ...
Register platform support module: C:/Program Files/Unity/Hub/Editor/2020.2.2f1/Editor/Data/PlaybackEngines/WebGLSupport/UnityEditor.WebGL.Extensions.dll
Register platform support module: C:/Program Files/Unity/Hub/Editor/2020.2.2f1/Editor/Data/PlaybackEngines/WindowsStandaloneSupport/UnityEditor.WindowsStandalone.Extensions.dll
Registered in 0.002248 seconds.
Native extension for WindowsStandalone target not found
Native extension for WebGL target not found
Refreshing native plugins compatible for Editor in 59.02 ms, found 1 plugins.
Preloading 0 native plugins for Editor in 0.00 ms.
Invoked RoslynAnalysisRunner static constructor.
RoslynAnalysisRunner will not be running.
RoslynAnalysisRunner has terminated.
Mono: successfully reloaded assembly
- Completed reload, in  2.935 seconds
Platform modules already initialized, skipping
Registering precompiled user dll's ...
Registered in 0.002835 seconds.
Begin MonoManager ReloadAssembly
Native extension for WindowsStandalone target not found
Native extension for WebGL target not found
Refreshing native plugins compatible for Editor in 59.94 ms, found 1 plugins.
Preloading 0 native plugins for Editor in 0.00 ms.
Invoked RoslynAnalysisRunner static constructor.
RoslynAnalysisRunner will not be running.
RoslynAnalysisRunner has terminated.
Find all reader and writers took 239 milliseconds
Script Module: UnityEngine.UI.dll
Weave behaviours and messages took189 milliseconds
Find all reader and writers took 211 milliseconds
Script Module: UnityEngine.TestRunner.dll
Weave behaviours and messages took75 milliseconds
Find all reader and writers took 210 milliseconds
Script Module: Unity.Mathematics.dll
Weave behaviours and messages took588 milliseconds
Find all reader and writers took 164 milliseconds
Script Module: Unity.2D.Animation.Triangle.Runtime.dll
Weave behaviours and messages took100 milliseconds
Find all reader and writers took 217 milliseconds
Script Module: SimpleWebTransport.dll
Weave behaviours and messages took18 milliseconds
Find all reader and writers took 210 milliseconds
Script Module: Unity.Timeline.dll
Weave behaviours and messages took86 milliseconds
Find all reader and writers took 257 milliseconds
Script Module: Unity.TextMeshPro.dll
Weave behaviours and messages took212 milliseconds
Find all reader and writers took 163 milliseconds
Script Module: Unity.2D.Animation.Runtime.dll
Weave behaviours and messages took18 milliseconds
Find all reader and writers took 189 milliseconds
Script Module: Unity.2D.IK.Runtime.dll
Weave behaviours and messages took9 milliseconds
Find all reader and writers took 213 milliseconds
Script Module: Unity.2D.SpriteShape.Runtime.dll
Weave behaviours and messages took73 milliseconds
Find all reader and writers took 189 milliseconds
Script Module: Telepathy.dll
Weave behaviours and messages took7 milliseconds
Find all reader and writers took 215 milliseconds
Script Module: kcp2k.dll
Weave behaviours and messages took13 milliseconds
Find all reader and writers took 209 milliseconds
Script Module: Unity.2D.PixelPerfect.dll
Weave behaviours and messages took4 milliseconds
Find all reader and writers took 207 milliseconds
Script Module: Mirror.Examples.Cloud.GUI.dll
Weave behaviours and messages took13 milliseconds
Find all reader and writers took 229 milliseconds
Script Module: Mirror.Cloud.dll
Weave behaviours and messages took8 milliseconds
Find all reader and writers took 202 milliseconds
Script Module: Unity.2D.Common.Runtime.dll
Weave behaviours and messages took0 milliseconds
Find all reader and writers took 205 milliseconds
Script Module: Unity.InternalAPIEngineBridge.001.dll
Weave behaviours and messages took0 milliseconds
Find all reader and writers took 288 milliseconds
Script Module: UnityEditor.TestRunner.dll
Weave behaviours and messages took117 milliseconds
Find all reader and writers took 257 milliseconds
Script Module: UnityEditor.UI.dll
Weave behaviours and messages took27 milliseconds
Find all reader and writers took 225 milliseconds
Script Module: PsdPlugin.dll
Weave behaviours and messages took40 milliseconds
Find all reader and writers took 221 milliseconds
Script Module: Mirror.CompilerSymbols.dll
Weave behaviours and messages took0 milliseconds
Find all reader and writers took 264 milliseconds
Script Module: Unity.InternalAPIEditorBridge.001.dll
Weave behaviours and messages took3 milliseconds
Mono: successfully reloaded assembly
- Completed reload, in 16.872 seconds
Platform modules already initialized, skipping
========================================================================
Worker process is ready to serve import requests
Launched and connected shader compiler UnityShaderCompiler.exe after 0.06 seconds
Refreshing native plugins compatible for Editor in 0.94 ms, found 1 plugins.
Preloading 0 native plugins for Editor in 0.00 ms.
Unloading 2077 Unused Serialized files (Serialized files now loaded: 0)
System memory in use before: 95.4 MB.
System memory in use after: 95.5 MB.

Unloading 24 unused Assets to reduce memory usage. Loaded Objects now: 2523.
Total: 3.708900 ms (FindLiveObjects: 0.347200 ms CreateObjectMapping: 0.156600 ms MarkObjects: 3.118900 ms  DeleteObjects: 0.084700 ms)

========================================================================
Received Import Request.
  path: Assets/Code/Gameplay/ActualPlayer.cs
  artifactKey: Guid(95f64db0ec9b2714394311e9e91de1b9) Importer(815301076,1909f56bfc062723c751e8b465ee728b)
Start importing Assets/Code/Gameplay/ActualPlayer.cs using Guid(95f64db0ec9b2714394311e9e91de1b9) Importer(815301076,1909f56bfc062723c751e8b465ee728b)  -> (artifact id: 'd5118a83ae65ef2e2f15cea95915ee64') in 0.034270 seconds
  Import took 0.059130 seconds .

========================================================================
Received Import Request.
  Time since last request: 391.669668 seconds.
  path: Assets/Multiplayer Battlecars/Scenes/Game.unity
  artifactKey: Guid(ca395dc2d416a3447bf413647325874e) Importer(815301076,1909f56bfc062723c751e8b465ee728b)
Start importing Assets/Multiplayer Battlecars/Scenes/Game.unity using Guid(ca395dc2d416a3447bf413647325874e) Importer(815301076,1909f56bfc062723c751e8b465ee728b)  -> (artifact id: '18cb51a78e068422fc1f38bbcf16270c') in 0.023337 seconds
  Import took 0.028949 seconds .

========================================================================
Received Import Request.
  Time since last request: 64.297103 seconds.
  path: Assets/Multiplayer Battlecars/Scenes/Offline.unity
  artifactKey: Guid(a7eb3e32dc86c414383c176c60816c36) Importer(815301076,1909f56bfc062723c751e8b465ee728b)
Start importing Assets/Multiplayer Battlecars/Scenes/Offline.unity using Guid(a7eb3e32dc86c414383c176c60816c36) Importer(815301076,1909f56bfc062723c751e8b465ee728b)  -> (artifact id: 'e6f3eadcf8323bb8b47c5ba783e48b0f') in 0.009649 seconds
  Import took 0.029245 seconds .

========================================================================
Received Prepare
Registering precompiled user dll's ...
Registered in 0.004647 seconds.
Begin MonoManager ReloadAssembly
Native extension for WindowsStandalone target not found
Native extension for WebGL target not found
Refreshing native plugins compatible for Editor in 0.67 ms, found 1 plugins.
Preloading 0 native plugins for Editor in 0.00 ms.
Invoked RoslynAnalysisRunner static constructor.
RoslynAnalysisRunner will not be running.
RoslynAnalysisRunner has terminated.
Mono: successfully reloaded assembly
- Completed reload, in  1.150 seconds
Platform modules already initialized, skipping
Refreshing native plugins compatible for Editor in 0.49 ms, found 1 plugins.
Preloading 0 native plugins for Editor in 0.00 ms.
Unloading 2054 Unused Serialized files (Serialized files now loaded: 0)
System memory in use before: 94.4 MB.
System memory in use after: 94.5 MB.

Unloading 12 unused Assets to reduce memory usage. Loaded Objects now: 2526.
Total: 2.184100 ms (FindLiveObjects: 0.311900 ms CreateObjectMapping: 0.135500 ms MarkObjects: 1.696900 ms  DeleteObjects: 0.038500 ms)

========================================================================
Received Prepare
Registering precompiled user dll's ...
Registered in 0.002908 seconds.
Begin MonoManager ReloadAssembly
Native extension for WindowsStandalone target not found
Native extension for WebGL target not found
Refreshing native plugins compatible for Editor in 1.13 ms, found 1 plugins.
Preloading 0 native plugins for Editor in 0.00 ms.
Invoked RoslynAnalysisRunner static constructor.
RoslynAnalysisRunner will not be running.
RoslynAnalysisRunner has terminated.
Mono: successfully reloaded assembly
- Completed reload, in  1.189 seconds
Platform modules already initialized, skipping
Refreshing native plugins compatible for Editor in 0.59 ms, found 1 plugins.
Preloading 0 native plugins for Editor in 0.00 ms.
Unloading 2054 Unused Serialized files (Serialized files now loaded: 0)
System memory in use before: 94.6 MB.
System memory in use after: 94.7 MB.

Unloading 12 unused Assets to reduce memory usage. Loaded Objects now: 2529.
Total: 2.677100 ms (FindLiveObjects: 0.481500 ms CreateObjectMapping: 0.120000 ms MarkObjects: 2.051500 ms  DeleteObjects: 0.022600 ms)

========================================================================
Received Import Request.
  Time since last request: 565.282537 seconds.
  path: Assets/Prefabs/RealPlayer.prefab
  artifactKey: Guid(a98fe9b2e814800489068f6771effb85) Importer(815301076,1909f56bfc062723c751e8b465ee728b)
Start importing Assets/Prefabs/RealPlayer.prefab using Guid(a98fe9b2e814800489068f6771effb85) Importer(815301076,1909f56bfc062723c751e8b465ee728b)  -> (artifact id: '3099b207ed6751a25729cade77666f40') in 0.154084 seconds
  Import took 0.159039 seconds .

========================================================================
Received Import Request.
  Time since last request: 9172.822941 seconds.
  path: Assets/Multiplayer Battlecars/Art
  artifactKey: Guid(58cb899e7f61cad47993beac0cc4bbd9) Importer(815301076,1909f56bfc062723c751e8b465ee728b)
Start importing Assets/Multiplayer Battlecars/Art using Guid(58cb899e7f61cad47993beac0cc4bbd9) Importer(815301076,1909f56bfc062723c751e8b465ee728b)  -> (artifact id: '6b61309645e6ced65b6646bdff14c14b') in 0.007110 seconds
  Import took 0.011524 seconds .

========================================================================
Received Import Request.
  Time since last request: 24.047206 seconds.
  path: Assets/Multiplayer Battlecars/Scripts/Networking/BattlecarsNetworkDiscovery.cs
  artifactKey: Guid(51b44ca256b921f408fcf734725a4e2b) Importer(815301076,1909f56bfc062723c751e8b465ee728b)
Start importing Assets/Multiplayer Battlecars/Scripts/Networking/BattlecarsNetworkDiscovery.cs using Guid(51b44ca256b921f408fcf734725a4e2b) Importer(815301076,1909f56bfc062723c751e8b465ee728b)  -> (artifact id: '0bf8158e2674d03882794e065f2869a5') in 0.005427 seconds
  Import took 0.009049 seconds .

========================================================================
Received Import Request.
  Time since last request: 0.003643 seconds.
  path: Assets/Multiplayer Battlecars/Scripts/Networking/BattlecarsNetworkDiscovery.cs
  artifactKey: Guid(51b44ca256b921f408fcf734725a4e2b) Importer(815301076,1909f56bfc062723c751e8b465ee728b)
Start importing Assets/Multiplayer Battlecars/Scripts/Networking/BattlecarsNetworkDiscovery.cs using Guid(51b44ca256b921f408fcf734725a4e2b) Importer(815301076,1909f56bfc062723c751e8b465ee728b)  -> (artifact id: '0bf8158e2674d03882794e065f2869a5') in 0.001744 seconds
  Import took 0.005399 seconds .

========================================================================
Received Import Request.
  Time since last request: 6.532002 seconds.
  path: Assets/Multiplayer Battlecars/Scripts/Networking/BattlecarsPlayerNet.cs
  artifactKey: Guid(b1814d70a21770249a2dba1551fa2c33) Importer(815301076,1909f56bfc062723c751e8b465ee728b)
Start importing Assets/Multiplayer Battlecars/Scripts/Networking/BattlecarsPlayerNet.cs using Guid(b1814d70a21770249a2dba1551fa2c33) Importer(815301076,1909f56bfc062723c751e8b465ee728b)  -> (artifact id: '1015a94fc4cf07357bb0682c6a6a8466') in 0.006273 seconds
  Import took 0.009789 seconds .

========================================================================
Received Import Request.
  Time since last request: 0.001752 seconds.
  path: Assets/Multiplayer Battlecars/Scripts/Networking/BattlecarsPlayerNet.cs
  artifactKey: Guid(b1814d70a21770249a2dba1551fa2c33) Importer(815301076,1909f56bfc062723c751e8b465ee728b)
Start importing Assets/Multiplayer Battlecars/Scripts/Networking/BattlecarsPlayerNet.cs using Guid(b1814d70a21770249a2dba1551fa2c33) Importer(815301076,1909f56bfc062723c751e8b465ee728b)  -> (artifact id: '1015a94fc4cf07357bb0682c6a6a8466') in 0.003576 seconds
  Import took 0.009013 seconds .

========================================================================
Received Prepare
Registering precompiled user dll's ...
Registered in 0.002535 seconds.
Begin MonoManager ReloadAssembly
Native extension for WindowsStandalone target not found
Native extension for WebGL target not found
Refreshing native plugins compatible for Editor in 0.65 ms, found 1 plugins.
Preloading 0 native plugins for Editor in 0.00 ms.
Invoked RoslynAnalysisRunner static constructor.
RoslynAnalysisRunner will not be running.
RoslynAnalysisRunner has terminated.
Mono: successfully reloaded assembly
- Completed reload, in  1.124 seconds
Platform modules already initialized, skipping
Refreshing native plugins compatible for Editor in 0.43 ms, found 1 plugins.
Preloading 0 native plugins for Editor in 0.00 ms.
Unloading 2053 Unused Serialized files (Serialized files now loaded: 0)
System memory in use before: 98.3 MB.
System memory in use after: 98.4 MB.

Unloading 13 unused Assets to reduce memory usage. Loaded Objects now: 2538.
Total: 2.927000 ms (FindLiveObjects: 0.265700 ms CreateObjectMapping: 0.099700 ms MarkObjects: 2.521800 ms  DeleteObjects: 0.038300 ms)

========================================================================
Received Import Request.
  Time since last request: 292.381793 seconds.
  path: Assets/Multiplayer Battlecars/Scripts/Networking/PlayerNet.cs
  artifactKey: Guid(b1814d70a21770249a2dba1551fa2c33) Importer(815301076,1909f56bfc062723c751e8b465ee728b)
Start importing Assets/Multiplayer Battlecars/Scripts/Networking/PlayerNet.cs using Guid(b1814d70a21770249a2dba1551fa2c33) Importer(815301076,1909f56bfc062723c751e8b465ee728b)  -> (artifact id: 'a408f740b97b4046f71ba016bc6ca1d9') in 0.009910 seconds
  Import took 0.031993 seconds .

========================================================================
Received Import Request.
  Time since last request: 12.715098 seconds.
  path: Assets/Scenes/archive/gearOffline.unity
  artifactKey: Guid(0306fd6c0d426fe4d88f16fe75d955b2) Importer(815301076,1909f56bfc062723c751e8b465ee728b)
Start importing Assets/Scenes/archive/gearOffline.unity using Guid(0306fd6c0d426fe4d88f16fe75d955b2) Importer(815301076,1909f56bfc062723c751e8b465ee728b)  -> (artifact id: '69ec347e1dc15914d11a49251d06b38e') in 0.014239 seconds
  Import took 0.017278 seconds .

========================================================================
Received Prepare
Registering precompiled user dll's ...
Registered in 0.001955 seconds.
Begin MonoManager ReloadAssembly
Native extension for WindowsStandalone target not found
Native extension for WebGL target not found
Refreshing native plugins compatible for Editor in 0.43 ms, found 1 plugins.
Preloading 0 native plugins for Editor in 0.00 ms.
Invoked RoslynAnalysisRunner static constructor.
RoslynAnalysisRunner will not be running.
RoslynAnalysisRunner has terminated.
Mono: successfully reloaded assembly
- Completed reload, in  0.947 seconds
Platform modules already initialized, skipping
Refreshing native plugins compatible for Editor in 0.48 ms, found 1 plugins.
Preloading 0 native plugins for Editor in 0.00 ms.
Unloading 2053 Unused Serialized files (Serialized files now loaded: 0)
System memory in use before: 98.5 MB.
System memory in use after: 98.7 MB.

Unloading 12 unused Assets to reduce memory usage. Loaded Objects now: 2541.
Total: 2.234800 ms (FindLiveObjects: 0.322700 ms CreateObjectMapping: 0.094200 ms MarkObjects: 1.787400 ms  DeleteObjects: 0.029500 ms)

========================================================================
Received Import Request.
  Time since last request: 56.570878 seconds.
  path: Assets/Scenes/Online.unity
  artifactKey: Guid(8c6cde05609770148a9acac2f7be27da) Importer(815301076,1909f56bfc062723c751e8b465ee728b)
Start importing Assets/Scenes/Online.unity using Guid(8c6cde05609770148a9acac2f7be27da) Importer(815301076,1909f56bfc062723c751e8b465ee728b)  -> (artifact id: '883ab867978b80c8a6b153ccff61d6e6') in 0.017549 seconds
  Import took 0.021150 seconds .

========================================================================
Received Prepare
Registering precompiled user dll's ...
Registered in 0.002247 seconds.
Begin MonoManager ReloadAssembly
Native extension for WindowsStandalone target not found
Native extension for WebGL target not found
Refreshing native plugins compatible for Editor in 0.45 ms, found 1 plugins.
Preloading 0 native plugins for Editor in 0.00 ms.
Invoked RoslynAnalysisRunner static constructor.
RoslynAnalysisRunner will not be running.
RoslynAnalysisRunner has terminated.
Mono: successfully reloaded assembly
- Completed reload, in  0.898 seconds
Platform modules already initialized, skipping
Refreshing native plugins compatible for Editor in 0.43 ms, found 1 plugins.
Preloading 0 native plugins for Editor in 0.00 ms.
Unloading 2053 Unused Serialized files (Serialized files now loaded: 0)
System memory in use before: 98.1 MB.
System memory in use after: 98.3 MB.

Unloading 12 unused Assets to reduce memory usage. Loaded Objects now: 2544.
Total: 2.228800 ms (FindLiveObjects: 0.233800 ms CreateObjectMapping: 0.117700 ms MarkObjects: 1.861300 ms  DeleteObjects: 0.015300 ms)

========================================================================
Received Prepare
Registering precompiled user dll's ...
Registered in 0.002442 seconds.
Begin MonoManager ReloadAssembly
Native extension for WindowsStandalone target not found
Native extension for WebGL target not found
Refreshing native plugins compatible for Editor in 0.47 ms, found 1 plugins.
Preloading 0 native plugins for Editor in 0.00 ms.
Invoked RoslynAnalysisRunner static constructor.
RoslynAnalysisRunner will not be running.
RoslynAnalysisRunner has terminated.
Mono: successfully reloaded assembly
- Completed reload, in  0.893 seconds
Platform modules already initialized, skipping
Refreshing native plugins compatible for Editor in 0.44 ms, found 1 plugins.
Preloading 0 native plugins for Editor in 0.00 ms.
Unloading 2053 Unused Serialized files (Serialized files now loaded: 0)
System memory in use before: 98.6 MB.
System memory in use after: 98.7 MB.

Unloading 12 unused Assets to reduce memory usage. Loaded Objects now: 2547.
Total: 3.002200 ms (FindLiveObjects: 0.316200 ms CreateObjectMapping: 0.135900 ms MarkObjects: 2.517200 ms  DeleteObjects: 0.016200 ms)

========================================================================
Received Prepare
Registering precompiled user dll's ...
Registered in 0.002520 seconds.
Begin MonoManager ReloadAssembly
Native extension for WindowsStandalone target not found
Native extension for WebGL target not found
Refreshing native plugins compatible for Editor in 0.49 ms, found 1 plugins.
Preloading 0 native plugins for Editor in 0.00 ms.
Invoked RoslynAnalysisRunner static constructor.
RoslynAnalysisRunner will not be running.
RoslynAnalysisRunner has terminated.
Mono: successfully reloaded assembly
- Completed reload, in  1.002 seconds
Platform modules already initialized, skipping
Refreshing native plugins compatible for Editor in 0.85 ms, found 1 plugins.
Preloading 0 native plugins for Editor in 0.00 ms.
Unloading 2053 Unused Serialized files (Serialized files now loaded: 0)
System memory in use before: 98.0 MB.
System memory in use after: 98.1 MB.

Unloading 12 unused Assets to reduce memory usage. Loaded Objects now: 2550.
Total: 1.869400 ms (FindLiveObjects: 0.198300 ms CreateObjectMapping: 0.085000 ms MarkObjects: 1.569300 ms  DeleteObjects: 0.016000 ms)

========================================================================
Received Prepare
Refreshing native plugins compatible for Editor in 1.90 ms, found 1 plugins.
Preloading 0 native plugins for Editor in 0.00 ms.
Unloading 10 Unused Serialized files (Serialized files now loaded: 0)
System memory in use before: 57.8 MB.
System memory in use after: 57.9 MB.

Unloading 10 unused Assets to reduce memory usage. Loaded Objects now: 2550.
Total: 5.178400 ms (FindLiveObjects: 0.408800 ms CreateObjectMapping: 0.232700 ms MarkObjects: 4.506100 ms  DeleteObjects: 0.028900 ms)

========================================================================
Received Prepare
Registering precompiled user dll's ...
Registered in 0.002003 seconds.
Begin MonoManager ReloadAssembly
Native extension for WindowsStandalone target not found
Native extension for WebGL target not found
Refreshing native plugins compatible for Editor in 0.41 ms, found 1 plugins.
Preloading 0 native plugins for Editor in 0.00 ms.
Invoked RoslynAnalysisRunner static constructor.
RoslynAnalysisRunner will not be running.
RoslynAnalysisRunner has terminated.
Mono: successfully reloaded assembly
- Completed reload, in  0.936 seconds
Platform modules already initialized, skipping
Refreshing native plugins compatible for Editor in 0.53 ms, found 1 plugins.
Preloading 0 native plugins for Editor in 0.00 ms.
Unloading 2053 Unused Serialized files (Serialized files now loaded: 0)
System memory in use before: 98.6 MB.
System memory in use after: 98.7 MB.

Unloading 12 unused Assets to reduce memory usage. Loaded Objects now: 2553.
Total: 2.003200 ms (FindLiveObjects: 0.205600 ms CreateObjectMapping: 0.077100 ms MarkObjects: 1.688200 ms  DeleteObjects: 0.031200 ms)

